<?xml version="1.0" encoding="UTF-8"?>
<testng-results ignored="0" total="1" passed="1" failed="0" skipped="0">
  <reporter-output>
  </reporter-output>
  <suite started-at="2024-08-16T16:38:42 IST" name="Default suite" finished-at="2024-08-16T16:38:54 IST" duration-ms="11652">
    <groups>
    </groups>
    <test started-at="2024-08-16T16:38:42 IST" name="Default test" finished-at="2024-08-16T16:38:54 IST" duration-ms="11652">
      <class name="practice.ResponseValidate.VerifyResponseBody_Via_JsonPath">
        <test-method signature="sampleTest()[pri:0, instance:practice.ResponseValidate.VerifyResponseBody_Via_JsonPath@76b1e9b8]" started-at="2024-08-16T16:38:43 IST" name="sampleTest" finished-at="2024-08-16T16:38:54 IST" duration-ms="11447" status="PASS">
          <reporter-output>
          </reporter-output>
        </test-method> <!-- sampleTest -->
      </class> <!-- practice.ResponseValidate.VerifyResponseBody_Via_JsonPath -->
    </test> <!-- Default test -->
  </suite> <!-- Default suite -->
</testng-results>
